<?xml version="1.0" encoding="UTF-8"?>
<!-- Generated by org.testng.reporters.JUnitXMLReporter -->
<testsuite ignored="0" hostname="SASI-laptop" failures="0" tests="5" name="Default test" time="45.45" errors="0" timestamp="2025-09-08T16:15:34 IST">
  <testcase classname="tests.RegisterTest" name="testUserRegistrationWithValidCredentials" time="9.019"/>
  <testcase classname="tests.RegisterTest" name="testUserRegistrationWithExistingEmail" time="4.218"/>
  <testcase classname="tests.RegisterTest" name="testUserRegistrationWithPasswordMismatch" time="2.71"/>
  <testcase classname="tests.RegisterTest" name="testUserRegistrationWithWeakPassword" time="3.601"/>
  <testcase classname="tests.RegisterTest" name="testUserRegistrationWithEmptyFields" time="1.502"/>
</testsuite> <!-- Default test -->
