<?xml version="1.0" encoding="UTF-8"?>
<testng-results ignored="0" total="22" passed="22" failed="0" skipped="0">
  <reporter-output>
  </reporter-output>
  <suite started-at="2025-09-09T11:49:35 IST" name="Surefire suite" finished-at="2025-09-09T11:53:03 IST" duration-ms="207428">
    <groups>
      <group name="cucumber">
        <method signature="AbstractTestNGCucumberTests.runScenario(io.cucumber.testng.PickleWrapper,io.cucumber.testng.FeatureWrapper)[pri:0, instance:runner.TestRunner@6b927fb]" name="runScenario" class="io.cucumber.testng.AbstractTestNGCucumberTests"/>
      </group> <!-- cucumber -->
    </groups>
    <test started-at="2025-09-09T11:49:35 IST" name="Surefire test" finished-at="2025-09-09T11:53:03 IST" duration-ms="207428">
      <class name="tests.LoginTest">
        <test-method is-config="true" signature="setUp(java.lang.String,java.lang.reflect.Method)[pri:0, instance:tests.LoginTest@38c6f217]" started-at="2025-09-09T11:51:11 IST" name="setUp" finished-at="2025-09-09T11:51:14 IST" duration-ms="3003" status="PASS">
          <params>
            <param index="0">
              <value>
                <![CDATA[chrome]]>
              </value>
            </param>
            <param index="1">
              <value>
                <![CDATA[public void tests.LoginTest.testUserLoginWithValidCredentials()]]>
              </value>
            </param>
          </params>
          <reporter-output>
          </reporter-output>
        </test-method> <!-- setUp -->
        <test-method signature="testUserLoginWithValidCredentials()[pri:1, instance:tests.LoginTest@38c6f217]" started-at="2025-09-09T11:51:14 IST" name="testUserLoginWithValidCredentials" description="Verify user can login with valid credentials" finished-at="2025-09-09T11:51:16 IST" duration-ms="2411" status="PASS">
          <reporter-output>
          </reporter-output>
        </test-method> <!-- testUserLoginWithValidCredentials -->
        <test-method is-config="true" signature="tearDown(org.testng.ITestResult)[pri:0, instance:tests.LoginTest@38c6f217]" started-at="2025-09-09T11:51:16 IST" name="tearDown" finished-at="2025-09-09T11:51:17 IST" duration-ms="778" status="PASS">
          <params>
            <param index="0">
              <value>
                <![CDATA[[TestResult name=testUserLoginWithValidCredentials status=SUCCESS method=LoginTest.testUserLoginWithValidCredentials()[pri:1, instance:tests.LoginTest@38c6f217] output={null}]]]>
              </value>
            </param>
          </params>
          <reporter-output>
          </reporter-output>
        </test-method> <!-- tearDown -->
        <test-method is-config="true" signature="setUp(java.lang.String,java.lang.reflect.Method)[pri:0, instance:tests.LoginTest@38c6f217]" started-at="2025-09-09T11:51:17 IST" name="setUp" finished-at="2025-09-09T11:51:20 IST" duration-ms="2857" status="PASS">
          <params>
            <param index="0">
              <value>
                <![CDATA[chrome]]>
              </value>
            </param>
            <param index="1">
              <value>
                <![CDATA[public void tests.LoginTest.testUserLoginWithInvalidCredentials()]]>
              </value>
            </param>
          </params>
          <reporter-output>
          </reporter-output>
        </test-method> <!-- setUp -->
        <test-method signature="testUserLoginWithInvalidCredentials()[pri:2, instance:tests.LoginTest@38c6f217]" started-at="2025-09-09T11:51:20 IST" name="testUserLoginWithInvalidCredentials" description="Verify login fails with invalid credentials" finished-at="2025-09-09T11:51:22 IST" duration-ms="1880" status="PASS">
          <reporter-output>
          </reporter-output>
        </test-method> <!-- testUserLoginWithInvalidCredentials -->
        <test-method is-config="true" signature="tearDown(org.testng.ITestResult)[pri:0, instance:tests.LoginTest@38c6f217]" started-at="2025-09-09T11:51:22 IST" name="tearDown" finished-at="2025-09-09T11:51:24 IST" duration-ms="2443" status="PASS">
          <params>
            <param index="0">
              <value>
                <![CDATA[[TestResult name=testUserLoginWithInvalidCredentials status=SUCCESS method=LoginTest.testUserLoginWithInvalidCredentials()[pri:2, instance:tests.LoginTest@38c6f217] output={null}]]]>
              </value>
            </param>
          </params>
          <reporter-output>
          </reporter-output>
        </test-method> <!-- tearDown -->
        <test-method is-config="true" signature="setUp(java.lang.String,java.lang.reflect.Method)[pri:0, instance:tests.LoginTest@38c6f217]" started-at="2025-09-09T11:51:24 IST" name="setUp" finished-at="2025-09-09T11:51:28 IST" duration-ms="3549" status="PASS">
          <params>
            <param index="0">
              <value>
                <![CDATA[chrome]]>
              </value>
            </param>
            <param index="1">
              <value>
                <![CDATA[public void tests.LoginTest.testUserLogout()]]>
              </value>
            </param>
          </params>
          <reporter-output>
          </reporter-output>
        </test-method> <!-- setUp -->
        <test-method signature="testUserLogout()[pri:3, instance:tests.LoginTest@38c6f217]" started-at="2025-09-09T11:51:28 IST" name="testUserLogout" description="Verify user can logout successfully" finished-at="2025-09-09T11:51:31 IST" duration-ms="3399" status="PASS">
          <reporter-output>
          </reporter-output>
        </test-method> <!-- testUserLogout -->
        <test-method is-config="true" signature="tearDown(org.testng.ITestResult)[pri:0, instance:tests.LoginTest@38c6f217]" started-at="2025-09-09T11:51:31 IST" name="tearDown" finished-at="2025-09-09T11:51:32 IST" duration-ms="718" status="PASS">
          <params>
            <param index="0">
              <value>
                <![CDATA[[TestResult name=testUserLogout status=SUCCESS method=LoginTest.testUserLogout()[pri:3, instance:tests.LoginTest@38c6f217] output={null}]]]>
              </value>
            </param>
          </params>
          <reporter-output>
          </reporter-output>
        </test-method> <!-- tearDown -->
        <test-method is-config="true" signature="setUp(java.lang.String,java.lang.reflect.Method)[pri:0, instance:tests.LoginTest@38c6f217]" started-at="2025-09-09T11:51:32 IST" name="setUp" finished-at="2025-09-09T11:51:39 IST" duration-ms="7139" status="PASS">
          <params>
            <param index="0">
              <value>
                <![CDATA[chrome]]>
              </value>
            </param>
            <param index="1">
              <value>
                <![CDATA[public void tests.LoginTest.testLoginWithEmptyCredentials()]]>
              </value>
            </param>
          </params>
          <reporter-output>
          </reporter-output>
        </test-method> <!-- setUp -->
        <test-method signature="testLoginWithEmptyCredentials()[pri:4, instance:tests.LoginTest@38c6f217]" started-at="2025-09-09T11:51:39 IST" name="testLoginWithEmptyCredentials" description="Verify login fails with empty credentials" finished-at="2025-09-09T11:51:40 IST" duration-ms="1125" status="PASS">
          <reporter-output>
          </reporter-output>
        </test-method> <!-- testLoginWithEmptyCredentials -->
        <test-method is-config="true" signature="tearDown(org.testng.ITestResult)[pri:0, instance:tests.LoginTest@38c6f217]" started-at="2025-09-09T11:51:40 IST" name="tearDown" finished-at="2025-09-09T11:51:41 IST" duration-ms="513" status="PASS">
          <params>
            <param index="0">
              <value>
                <![CDATA[[TestResult name=testLoginWithEmptyCredentials status=SUCCESS method=LoginTest.testLoginWithEmptyCredentials()[pri:4, instance:tests.LoginTest@38c6f217] output={null}]]]>
              </value>
            </param>
          </params>
          <reporter-output>
          </reporter-output>
        </test-method> <!-- tearDown -->
        <test-method is-config="true" signature="setUp(java.lang.String,java.lang.reflect.Method)[pri:0, instance:tests.LoginTest@38c6f217]" started-at="2025-09-09T11:51:41 IST" name="setUp" finished-at="2025-09-09T11:51:44 IST" duration-ms="2688" status="PASS">
          <params>
            <param index="0">
              <value>
                <![CDATA[chrome]]>
              </value>
            </param>
            <param index="1">
              <value>
                <![CDATA[public void tests.LoginTest.testLoginWithEmptyPassword()]]>
              </value>
            </param>
          </params>
          <reporter-output>
          </reporter-output>
        </test-method> <!-- setUp -->
        <test-method signature="testLoginWithEmptyPassword()[pri:5, instance:tests.LoginTest@38c6f217]" started-at="2025-09-09T11:51:44 IST" name="testLoginWithEmptyPassword" description="Verify login fails with valid email but empty password" finished-at="2025-09-09T11:51:45 IST" duration-ms="1874" status="PASS">
          <reporter-output>
          </reporter-output>
        </test-method> <!-- testLoginWithEmptyPassword -->
        <test-method is-config="true" signature="tearDown(org.testng.ITestResult)[pri:0, instance:tests.LoginTest@38c6f217]" started-at="2025-09-09T11:51:45 IST" name="tearDown" finished-at="2025-09-09T11:51:46 IST" duration-ms="581" status="PASS">
          <params>
            <param index="0">
              <value>
                <![CDATA[[TestResult name=testLoginWithEmptyPassword status=SUCCESS method=LoginTest.testLoginWithEmptyPassword()[pri:5, instance:tests.LoginTest@38c6f217] output={null}]]]>
              </value>
            </param>
          </params>
          <reporter-output>
          </reporter-output>
        </test-method> <!-- tearDown -->
      </class> <!-- tests.LoginTest -->
      <class name="tests.BaseTest">
        <test-method is-config="true" signature="setUpSuite()[pri:0, instance:tests.BaseTest@2d7275fc]" started-at="2025-09-09T11:49:35 IST" name="setUpSuite" finished-at="2025-09-09T11:49:35 IST" duration-ms="576" status="PASS">
          <reporter-output>
          </reporter-output>
        </test-method> <!-- setUpSuite -->
        <test-method is-config="true" signature="tearDownSuite()[pri:0, instance:tests.BaseTest@2d7275fc]" started-at="2025-09-09T11:53:03 IST" name="tearDownSuite" finished-at="2025-09-09T11:53:03 IST" duration-ms="548" status="PASS">
          <reporter-output>
          </reporter-output>
        </test-method> <!-- tearDownSuite -->
      </class> <!-- tests.BaseTest -->
      <class name="tests.CartTest">
        <test-method is-config="true" signature="setUp(java.lang.String,java.lang.reflect.Method)[pri:0, instance:tests.CartTest@399f45b1]" started-at="2025-09-09T11:50:59 IST" name="setUp" finished-at="2025-09-09T11:51:05 IST" duration-ms="5830" status="PASS">
          <params>
            <param index="0">
              <value>
                <![CDATA[chrome]]>
              </value>
            </param>
            <param index="1">
              <value>
                <![CDATA[public void tests.CartTest.testProceedToCheckoutFromCart()]]>
              </value>
            </param>
          </params>
          <reporter-output>
          </reporter-output>
        </test-method> <!-- setUp -->
        <test-method signature="testProceedToCheckoutFromCart()[pri:1, instance:tests.CartTest@399f45b1]" started-at="2025-09-09T11:51:05 IST" name="testProceedToCheckoutFromCart" description="Verify user can proceed to checkout from cart" finished-at="2025-09-09T11:51:10 IST" duration-ms="5634" status="PASS">
          <reporter-output>
          </reporter-output>
        </test-method> <!-- testProceedToCheckoutFromCart -->
        <test-method is-config="true" signature="tearDown(org.testng.ITestResult)[pri:0, instance:tests.CartTest@399f45b1]" started-at="2025-09-09T11:51:10 IST" name="tearDown" finished-at="2025-09-09T11:51:11 IST" duration-ms="572" status="PASS">
          <params>
            <param index="0">
              <value>
                <![CDATA[[TestResult name=testProceedToCheckoutFromCart status=SUCCESS method=CartTest.testProceedToCheckoutFromCart()[pri:1, instance:tests.CartTest@399f45b1] output={null}]]]>
              </value>
            </param>
          </params>
          <reporter-output>
          </reporter-output>
        </test-method> <!-- tearDown -->
      </class> <!-- tests.CartTest -->
      <class name="tests.ProductTest">
        <test-method is-config="true" signature="setUp(java.lang.String,java.lang.reflect.Method)[pri:0, instance:tests.ProductTest@478190fc]" started-at="2025-09-09T11:51:46 IST" name="setUp" finished-at="2025-09-09T11:51:49 IST" duration-ms="3341" status="PASS">
          <params>
            <param index="0">
              <value>
                <![CDATA[chrome]]>
              </value>
            </param>
            <param index="1">
              <value>
                <![CDATA[public void tests.ProductTest.testViewProductDetails()]]>
              </value>
            </param>
          </params>
          <reporter-output>
          </reporter-output>
        </test-method> <!-- setUp -->
        <test-method signature="testViewProductDetails()[pri:1, instance:tests.ProductTest@478190fc]" started-at="2025-09-09T11:51:49 IST" name="testViewProductDetails" description="Verify user can view product details" finished-at="2025-09-09T11:51:51 IST" duration-ms="2080" status="PASS">
          <reporter-output>
          </reporter-output>
        </test-method> <!-- testViewProductDetails -->
        <test-method is-config="true" signature="tearDown(org.testng.ITestResult)[pri:0, instance:tests.ProductTest@478190fc]" started-at="2025-09-09T11:51:51 IST" name="tearDown" finished-at="2025-09-09T11:51:52 IST" duration-ms="692" status="PASS">
          <params>
            <param index="0">
              <value>
                <![CDATA[[TestResult name=testViewProductDetails status=SUCCESS method=ProductTest.testViewProductDetails()[pri:1, instance:tests.ProductTest@478190fc] output={null}]]]>
              </value>
            </param>
          </params>
          <reporter-output>
          </reporter-output>
        </test-method> <!-- tearDown -->
        <test-method is-config="true" signature="setUp(java.lang.String,java.lang.reflect.Method)[pri:0, instance:tests.ProductTest@478190fc]" started-at="2025-09-09T11:51:52 IST" name="setUp" finished-at="2025-09-09T11:51:57 IST" duration-ms="4477" status="PASS">
          <params>
            <param index="0">
              <value>
                <![CDATA[chrome]]>
              </value>
            </param>
            <param index="1">
              <value>
                <![CDATA[public void tests.ProductTest.testAddConfigurableProductToCart()]]>
              </value>
            </param>
          </params>
          <reporter-output>
          </reporter-output>
        </test-method> <!-- setUp -->
        <test-method signature="testAddConfigurableProductToCart()[pri:2, instance:tests.ProductTest@478190fc]" started-at="2025-09-09T11:51:57 IST" name="testAddConfigurableProductToCart" description="Verify user can configure and add product to cart" finished-at="2025-09-09T11:52:00 IST" duration-ms="3520" status="PASS">
          <reporter-output>
          </reporter-output>
        </test-method> <!-- testAddConfigurableProductToCart -->
        <test-method is-config="true" signature="tearDown(org.testng.ITestResult)[pri:0, instance:tests.ProductTest@478190fc]" started-at="2025-09-09T11:52:00 IST" name="tearDown" finished-at="2025-09-09T11:52:01 IST" duration-ms="810" status="PASS">
          <params>
            <param index="0">
              <value>
                <![CDATA[[TestResult name=testAddConfigurableProductToCart status=SUCCESS method=ProductTest.testAddConfigurableProductToCart()[pri:2, instance:tests.ProductTest@478190fc] output={null}]]]>
              </value>
            </param>
          </params>
          <reporter-output>
          </reporter-output>
        </test-method> <!-- tearDown -->
        <test-method is-config="true" signature="setUp(java.lang.String,java.lang.reflect.Method)[pri:0, instance:tests.ProductTest@478190fc]" started-at="2025-09-09T11:52:01 IST" name="setUp" finished-at="2025-09-09T11:52:04 IST" duration-ms="3208" status="PASS">
          <params>
            <param index="0">
              <value>
                <![CDATA[chrome]]>
              </value>
            </param>
            <param index="1">
              <value>
                <![CDATA[public void tests.ProductTest.testAddSimpleProductToCartFromCategory()]]>
              </value>
            </param>
          </params>
          <reporter-output>
          </reporter-output>
        </test-method> <!-- setUp -->
        <test-method signature="testAddSimpleProductToCartFromCategory()[pri:3, instance:tests.ProductTest@478190fc]" started-at="2025-09-09T11:52:04 IST" name="testAddSimpleProductToCartFromCategory" description="Verify user can add simple product to cart from category page" finished-at="2025-09-09T11:52:07 IST" duration-ms="2495" status="PASS">
          <reporter-output>
          </reporter-output>
        </test-method> <!-- testAddSimpleProductToCartFromCategory -->
        <test-method is-config="true" signature="tearDown(org.testng.ITestResult)[pri:0, instance:tests.ProductTest@478190fc]" started-at="2025-09-09T11:52:07 IST" name="tearDown" finished-at="2025-09-09T11:52:10 IST" duration-ms="3086" status="PASS">
          <params>
            <param index="0">
              <value>
                <![CDATA[[TestResult name=testAddSimpleProductToCartFromCategory status=SUCCESS method=ProductTest.testAddSimpleProductToCartFromCategory()[pri:3, instance:tests.ProductTest@478190fc] output={null}]]]>
              </value>
            </param>
          </params>
          <reporter-output>
          </reporter-output>
        </test-method> <!-- tearDown -->
        <test-method is-config="true" signature="setUp(java.lang.String,java.lang.reflect.Method)[pri:0, instance:tests.ProductTest@478190fc]" started-at="2025-09-09T11:52:10 IST" name="setUp" finished-at="2025-09-09T11:52:13 IST" duration-ms="3121" status="PASS">
          <params>
            <param index="0">
              <value>
                <![CDATA[chrome]]>
              </value>
            </param>
            <param index="1">
              <value>
                <![CDATA[public void tests.ProductTest.testProductSearchFunctionality()]]>
              </value>
            </param>
          </params>
          <reporter-output>
          </reporter-output>
        </test-method> <!-- setUp -->
        <test-method signature="testProductSearchFunctionality()[pri:4, instance:tests.ProductTest@478190fc]" started-at="2025-09-09T11:52:13 IST" name="testProductSearchFunctionality" description="Verify product search functionality" finished-at="2025-09-09T11:52:15 IST" duration-ms="1895" status="PASS">
          <reporter-output>
          </reporter-output>
        </test-method> <!-- testProductSearchFunctionality -->
        <test-method is-config="true" signature="tearDown(org.testng.ITestResult)[pri:0, instance:tests.ProductTest@478190fc]" started-at="2025-09-09T11:52:15 IST" name="tearDown" finished-at="2025-09-09T11:52:15 IST" duration-ms="655" status="PASS">
          <params>
            <param index="0">
              <value>
                <![CDATA[[TestResult name=testProductSearchFunctionality status=SUCCESS method=ProductTest.testProductSearchFunctionality()[pri:4, instance:tests.ProductTest@478190fc] output={null}]]]>
              </value>
            </param>
          </params>
          <reporter-output>
          </reporter-output>
        </test-method> <!-- tearDown -->
        <test-method is-config="true" signature="setUp(java.lang.String,java.lang.reflect.Method)[pri:0, instance:tests.ProductTest@478190fc]" started-at="2025-09-09T11:52:15 IST" name="setUp" finished-at="2025-09-09T11:52:20 IST" duration-ms="4494" status="PASS">
          <params>
            <param index="0">
              <value>
                <![CDATA[chrome]]>
              </value>
            </param>
            <param index="1">
              <value>
                <![CDATA[public void tests.ProductTest.testProductFilterFunctionality()]]>
              </value>
            </param>
          </params>
          <reporter-output>
          </reporter-output>
        </test-method> <!-- setUp -->
        <test-method signature="testProductFilterFunctionality()[pri:5, instance:tests.ProductTest@478190fc]" started-at="2025-09-09T11:52:20 IST" name="testProductFilterFunctionality" description="Verify product filter functionality" finished-at="2025-09-09T11:52:21 IST" duration-ms="1442" status="PASS">
          <reporter-output>
          </reporter-output>
        </test-method> <!-- testProductFilterFunctionality -->
        <test-method is-config="true" signature="tearDown(org.testng.ITestResult)[pri:0, instance:tests.ProductTest@478190fc]" started-at="2025-09-09T11:52:21 IST" name="tearDown" finished-at="2025-09-09T11:52:22 IST" duration-ms="775" status="PASS">
          <params>
            <param index="0">
              <value>
                <![CDATA[[TestResult name=testProductFilterFunctionality status=SUCCESS method=ProductTest.testProductFilterFunctionality()[pri:5, instance:tests.ProductTest@478190fc] output={null}]]]>
              </value>
            </param>
          </params>
          <reporter-output>
          </reporter-output>
        </test-method> <!-- tearDown -->
      </class> <!-- tests.ProductTest -->
      <class name="tests.RegisterTest">
        <test-method is-config="true" signature="setUp(java.lang.String,java.lang.reflect.Method)[pri:0, instance:tests.RegisterTest@79e2c065]" started-at="2025-09-09T11:52:22 IST" name="setUp" finished-at="2025-09-09T11:52:28 IST" duration-ms="5794" status="PASS">
          <params>
            <param index="0">
              <value>
                <![CDATA[chrome]]>
              </value>
            </param>
            <param index="1">
              <value>
                <![CDATA[public void tests.RegisterTest.testUserRegistrationWithValidCredentials()]]>
              </value>
            </param>
          </params>
          <reporter-output>
          </reporter-output>
        </test-method> <!-- setUp -->
        <test-method signature="testUserRegistrationWithValidCredentials()[pri:1, instance:tests.RegisterTest@79e2c065]" started-at="2025-09-09T11:52:28 IST" name="testUserRegistrationWithValidCredentials" description="Verify user can register with valid credentials" finished-at="2025-09-09T11:52:31 IST" duration-ms="3484" status="PASS">
          <reporter-output>
          </reporter-output>
        </test-method> <!-- testUserRegistrationWithValidCredentials -->
        <test-method is-config="true" signature="tearDown(org.testng.ITestResult)[pri:0, instance:tests.RegisterTest@79e2c065]" started-at="2025-09-09T11:52:31 IST" name="tearDown" finished-at="2025-09-09T11:52:32 IST" duration-ms="538" status="PASS">
          <params>
            <param index="0">
              <value>
                <![CDATA[[TestResult name=testUserRegistrationWithValidCredentials status=SUCCESS method=RegisterTest.testUserRegistrationWithValidCredentials()[pri:1, instance:tests.RegisterTest@79e2c065] output={null}]]]>
              </value>
            </param>
          </params>
          <reporter-output>
          </reporter-output>
        </test-method> <!-- tearDown -->
        <test-method is-config="true" signature="setUp(java.lang.String,java.lang.reflect.Method)[pri:0, instance:tests.RegisterTest@79e2c065]" started-at="2025-09-09T11:52:32 IST" name="setUp" finished-at="2025-09-09T11:52:36 IST" duration-ms="3894" status="PASS">
          <params>
            <param index="0">
              <value>
                <![CDATA[chrome]]>
              </value>
            </param>
            <param index="1">
              <value>
                <![CDATA[public void tests.RegisterTest.testUserRegistrationWithExistingEmail()]]>
              </value>
            </param>
          </params>
          <reporter-output>
          </reporter-output>
        </test-method> <!-- setUp -->
        <test-method signature="testUserRegistrationWithExistingEmail()[pri:2, instance:tests.RegisterTest@79e2c065]" started-at="2025-09-09T11:52:36 IST" name="testUserRegistrationWithExistingEmail" description="Verify registration fails with existing email" finished-at="2025-09-09T11:52:41 IST" duration-ms="5347" status="PASS">
          <reporter-output>
          </reporter-output>
        </test-method> <!-- testUserRegistrationWithExistingEmail -->
        <test-method is-config="true" signature="tearDown(org.testng.ITestResult)[pri:0, instance:tests.RegisterTest@79e2c065]" started-at="2025-09-09T11:52:41 IST" name="tearDown" finished-at="2025-09-09T11:52:42 IST" duration-ms="692" status="PASS">
          <params>
            <param index="0">
              <value>
                <![CDATA[[TestResult name=testUserRegistrationWithExistingEmail status=SUCCESS method=RegisterTest.testUserRegistrationWithExistingEmail()[pri:2, instance:tests.RegisterTest@79e2c065] output={null}]]]>
              </value>
            </param>
          </params>
          <reporter-output>
          </reporter-output>
        </test-method> <!-- tearDown -->
        <test-method is-config="true" signature="setUp(java.lang.String,java.lang.reflect.Method)[pri:0, instance:tests.RegisterTest@79e2c065]" started-at="2025-09-09T11:52:42 IST" name="setUp" finished-at="2025-09-09T11:52:45 IST" duration-ms="3256" status="PASS">
          <params>
            <param index="0">
              <value>
                <![CDATA[chrome]]>
              </value>
            </param>
            <param index="1">
              <value>
                <![CDATA[public void tests.RegisterTest.testUserRegistrationWithPasswordMismatch()]]>
              </value>
            </param>
          </params>
          <reporter-output>
          </reporter-output>
        </test-method> <!-- setUp -->
        <test-method signature="testUserRegistrationWithPasswordMismatch()[pri:3, instance:tests.RegisterTest@79e2c065]" started-at="2025-09-09T11:52:45 IST" name="testUserRegistrationWithPasswordMismatch" description="Verify registration fails with password confirmation mismatch" finished-at="2025-09-09T11:52:47 IST" duration-ms="2307" status="PASS">
          <reporter-output>
          </reporter-output>
        </test-method> <!-- testUserRegistrationWithPasswordMismatch -->
        <test-method is-config="true" signature="tearDown(org.testng.ITestResult)[pri:0, instance:tests.RegisterTest@79e2c065]" started-at="2025-09-09T11:52:47 IST" name="tearDown" finished-at="2025-09-09T11:52:48 IST" duration-ms="478" status="PASS">
          <params>
            <param index="0">
              <value>
                <![CDATA[[TestResult name=testUserRegistrationWithPasswordMismatch status=SUCCESS method=RegisterTest.testUserRegistrationWithPasswordMismatch()[pri:3, instance:tests.RegisterTest@79e2c065] output={null}]]]>
              </value>
            </param>
          </params>
          <reporter-output>
          </reporter-output>
        </test-method> <!-- tearDown -->
        <test-method is-config="true" signature="setUp(java.lang.String,java.lang.reflect.Method)[pri:0, instance:tests.RegisterTest@79e2c065]" started-at="2025-09-09T11:52:48 IST" name="setUp" finished-at="2025-09-09T11:52:52 IST" duration-ms="4018" status="PASS">
          <params>
            <param index="0">
              <value>
                <![CDATA[chrome]]>
              </value>
            </param>
            <param index="1">
              <value>
                <![CDATA[public void tests.RegisterTest.testUserRegistrationWithWeakPassword()]]>
              </value>
            </param>
          </params>
          <reporter-output>
          </reporter-output>
        </test-method> <!-- setUp -->
        <test-method signature="testUserRegistrationWithWeakPassword()[pri:4, instance:tests.RegisterTest@79e2c065]" started-at="2025-09-09T11:52:52 IST" name="testUserRegistrationWithWeakPassword" description="Verify registration fails with weak password" finished-at="2025-09-09T11:52:57 IST" duration-ms="5011" status="PASS">
          <reporter-output>
          </reporter-output>
        </test-method> <!-- testUserRegistrationWithWeakPassword -->
        <test-method is-config="true" signature="tearDown(org.testng.ITestResult)[pri:0, instance:tests.RegisterTest@79e2c065]" started-at="2025-09-09T11:52:57 IST" name="tearDown" finished-at="2025-09-09T11:52:58 IST" duration-ms="607" status="PASS">
          <params>
            <param index="0">
              <value>
                <![CDATA[[TestResult name=testUserRegistrationWithWeakPassword status=SUCCESS method=RegisterTest.testUserRegistrationWithWeakPassword()[pri:4, instance:tests.RegisterTest@79e2c065] output={null}]]]>
              </value>
            </param>
          </params>
          <reporter-output>
          </reporter-output>
        </test-method> <!-- tearDown -->
        <test-method is-config="true" signature="setUp(java.lang.String,java.lang.reflect.Method)[pri:0, instance:tests.RegisterTest@79e2c065]" started-at="2025-09-09T11:52:58 IST" name="setUp" finished-at="2025-09-09T11:53:01 IST" duration-ms="3506" status="PASS">
          <params>
            <param index="0">
              <value>
                <![CDATA[chrome]]>
              </value>
            </param>
            <param index="1">
              <value>
                <![CDATA[public void tests.RegisterTest.testUserRegistrationWithEmptyFields()]]>
              </value>
            </param>
          </params>
          <reporter-output>
          </reporter-output>
        </test-method> <!-- setUp -->
        <test-method signature="testUserRegistrationWithEmptyFields()[pri:5, instance:tests.RegisterTest@79e2c065]" started-at="2025-09-09T11:53:01 IST" name="testUserRegistrationWithEmptyFields" description="Verify registration fails with empty required fields" finished-at="2025-09-09T11:53:02 IST" duration-ms="1196" status="PASS">
          <reporter-output>
          </reporter-output>
        </test-method> <!-- testUserRegistrationWithEmptyFields -->
        <test-method is-config="true" signature="tearDown(org.testng.ITestResult)[pri:0, instance:tests.RegisterTest@79e2c065]" started-at="2025-09-09T11:53:02 IST" name="tearDown" finished-at="2025-09-09T11:53:03 IST" duration-ms="536" status="PASS">
          <params>
            <param index="0">
              <value>
                <![CDATA[[TestResult name=testUserRegistrationWithEmptyFields status=SUCCESS method=RegisterTest.testUserRegistrationWithEmptyFields()[pri:5, instance:tests.RegisterTest@79e2c065] output={null}]]]>
              </value>
            </param>
          </params>
          <reporter-output>
          </reporter-output>
        </test-method> <!-- tearDown -->
      </class> <!-- tests.RegisterTest -->
      <class name="runner.TestRunner">
        <test-method is-config="true" signature="setUpClass(org.testng.ITestContext)[pri:0, instance:runner.TestRunner@6b927fb]" started-at="2025-09-09T11:49:35 IST" name="setUpClass" finished-at="2025-09-09T11:49:37 IST" duration-ms="1214" status="PASS">
          <params>
            <param index="0">
              <value>
                <![CDATA[org.testng.TestRunner@72cb5d7d]]>
              </value>
            </param>
          </params>
          <reporter-output>
          </reporter-output>
        </test-method> <!-- setUpClass -->
        <test-method signature="runScenario(io.cucumber.testng.PickleWrapper,io.cucumber.testng.FeatureWrapper)[pri:0, instance:runner.TestRunner@6b927fb]" started-at="2025-09-09T11:49:37 IST" name="runScenario" description="Runs Cucumber Scenarios" data-provider="scenarios" finished-at="2025-09-09T11:49:58 IST" duration-ms="20904" status="PASS">
          <params>
            <param index="0">
              <value>
                <![CDATA["Successful login with valid credentials"]]>
              </value>
            </param>
            <param index="1">
              <value>
                <![CDATA["User Login"]]>
              </value>
            </param>
          </params>
          <reporter-output>
          </reporter-output>
        </test-method> <!-- runScenario -->
        <test-method signature="runScenario(io.cucumber.testng.PickleWrapper,io.cucumber.testng.FeatureWrapper)[pri:0, instance:runner.TestRunner@6b927fb]" started-at="2025-09-09T11:49:58 IST" name="runScenario" description="Runs Cucumber Scenarios" data-provider="scenarios" finished-at="2025-09-09T11:50:12 IST" duration-ms="14258" status="PASS">
          <params>
            <param index="0">
              <value>
                <![CDATA["Login with invalid credentials should fail"]]>
              </value>
            </param>
            <param index="1">
              <value>
                <![CDATA["User Login"]]>
              </value>
            </param>
          </params>
          <reporter-output>
          </reporter-output>
        </test-method> <!-- runScenario -->
        <test-method signature="runScenario(io.cucumber.testng.PickleWrapper,io.cucumber.testng.FeatureWrapper)[pri:0, instance:runner.TestRunner@6b927fb]" started-at="2025-09-09T11:50:12 IST" name="runScenario" description="Runs Cucumber Scenarios" data-provider="scenarios" finished-at="2025-09-09T11:50:25 IST" duration-ms="13490" status="PASS">
          <params>
            <param index="0">
              <value>
                <![CDATA["Successful logout"]]>
              </value>
            </param>
            <param index="1">
              <value>
                <![CDATA["User Login"]]>
              </value>
            </param>
          </params>
          <reporter-output>
          </reporter-output>
        </test-method> <!-- runScenario -->
        <test-method signature="runScenario(io.cucumber.testng.PickleWrapper,io.cucumber.testng.FeatureWrapper)[pri:0, instance:runner.TestRunner@6b927fb]" started-at="2025-09-09T11:50:25 IST" name="runScenario" description="Runs Cucumber Scenarios" data-provider="scenarios" finished-at="2025-09-09T11:50:36 IST" duration-ms="11092" status="PASS">
          <params>
            <param index="0">
              <value>
                <![CDATA["Successful registration with valid credentials"]]>
              </value>
            </param>
            <param index="1">
              <value>
                <![CDATA["User Registration"]]>
              </value>
            </param>
          </params>
          <reporter-output>
          </reporter-output>
        </test-method> <!-- runScenario -->
        <test-method signature="runScenario(io.cucumber.testng.PickleWrapper,io.cucumber.testng.FeatureWrapper)[pri:0, instance:runner.TestRunner@6b927fb]" started-at="2025-09-09T11:50:36 IST" name="runScenario" description="Runs Cucumber Scenarios" data-provider="scenarios" finished-at="2025-09-09T11:50:47 IST" duration-ms="10889" status="PASS">
          <params>
            <param index="0">
              <value>
                <![CDATA["Registration with existing email should fail"]]>
              </value>
            </param>
            <param index="1">
              <value>
                <![CDATA["User Registration"]]>
              </value>
            </param>
          </params>
          <reporter-output>
          </reporter-output>
        </test-method> <!-- runScenario -->
        <test-method signature="runScenario(io.cucumber.testng.PickleWrapper,io.cucumber.testng.FeatureWrapper)[pri:0, instance:runner.TestRunner@6b927fb]" started-at="2025-09-09T11:50:47 IST" name="runScenario" description="Runs Cucumber Scenarios" data-provider="scenarios" finished-at="2025-09-09T11:50:59 IST" duration-ms="11569" status="PASS">
          <params>
            <param index="0">
              <value>
                <![CDATA["Registration with password mismatch should fail"]]>
              </value>
            </param>
            <param index="1">
              <value>
                <![CDATA["User Registration"]]>
              </value>
            </param>
          </params>
          <reporter-output>
          </reporter-output>
        </test-method> <!-- runScenario -->
        <test-method is-config="true" signature="tearDownClass()[pri:0, instance:runner.TestRunner@6b927fb]" started-at="2025-09-09T11:50:59 IST" name="tearDownClass" finished-at="2025-09-09T11:50:59 IST" duration-ms="126" status="PASS">
          <reporter-output>
          </reporter-output>
        </test-method> <!-- tearDownClass -->
      </class> <!-- runner.TestRunner -->
    </test> <!-- Surefire test -->
  </suite> <!-- Surefire suite -->
</testng-results>
