<?xml version="1.0" encoding="UTF-8"?>
<!-- Generated by org.testng.reporters.JUnitXMLReporter -->
<testsuite ignored="0" hostname="SASI-laptop" failures="0" tests="5" name="Login Tests" time="41.162" errors="0" timestamp="2025-09-08T17:06:40 IST">
  <testcase classname="tests.LoginTest" name="testUserLoginWithValidCredentials" time="5.964"/>
  <testcase classname="tests.LoginTest" name="testUserLoginWithInvalidCredentials" time="5.321"/>
  <testcase classname="tests.LoginTest" name="testUserLogout" time="4.261"/>
  <testcase classname="tests.LoginTest" name="testLoginWithEmptyCredentials" time="1.982"/>
  <testcase classname="tests.LoginTest" name="testLoginWithEmptyPassword" time="2.49"/>
</testsuite> <!-- Login Tests -->
