<?xml version="1.0" encoding="UTF-8"?>
<!-- Generated by org.testng.reporters.JUnitXMLReporter -->
<testsuite ignored="0" hostname="SASI-laptop" failures="0" tests="5" name="Product Tests" time="34.828" errors="0" timestamp="2025-09-08T13:25:35 IST">
  <testcase classname="tests.ProductTest" name="testViewProductDetails" time="1.881"/>
  <testcase classname="tests.ProductTest" name="testAddConfigurableProductToCart" time="4.872"/>
  <testcase classname="tests.ProductTest" name="testAddSimpleProductToCartFromCategory" time="2.932"/>
  <testcase classname="tests.ProductTest" name="testProductSearchFunctionality" time="2.946"/>
  <testcase classname="tests.ProductTest" name="testProductFilterFunctionality" time="6.185"/>
</testsuite> <!-- Product Tests -->
