<?xml version="1.0" encoding="UTF-8"?>
<testng-results ignored="0" total="16" passed="16" failed="0" skipped="0">
  <reporter-output>
  </reporter-output>
  <suite started-at="2025-09-08T16:16:06 IST" name="nopCommerce Test Suite" finished-at="2025-09-08T16:18:16 IST" duration-ms="129089">
    <groups>
    </groups>
    <test started-at="2025-09-08T16:16:06 IST" name="Register Tests" finished-at="2025-09-08T16:16:52 IST" duration-ms="45320">
      <class name="tests.RegisterTest">
        <test-method is-config="true" signature="setUp(java.lang.String,java.lang.reflect.Method)[pri:0, instance:tests.RegisterTest@4009e306]" started-at="2025-09-08T16:16:07 IST" name="setUp" finished-at="2025-09-08T16:16:16 IST" duration-ms="9691" status="PASS">
          <params>
            <param index="0">
              <value>
                <![CDATA[chrome]]>
              </value>
            </param>
            <param index="1">
              <value>
                <![CDATA[public void tests.RegisterTest.testUserRegistrationWithValidCredentials()]]>
              </value>
            </param>
          </params>
          <reporter-output>
          </reporter-output>
        </test-method> <!-- setUp -->
        <test-method signature="testUserRegistrationWithValidCredentials()[pri:1, instance:tests.RegisterTest@4009e306]" started-at="2025-09-08T16:16:16 IST" name="testUserRegistrationWithValidCredentials" description="Verify user can register with valid credentials" finished-at="2025-09-08T16:16:20 IST" duration-ms="4095" status="PASS">
          <reporter-output>
          </reporter-output>
        </test-method> <!-- testUserRegistrationWithValidCredentials -->
        <test-method is-config="true" signature="tearDown(org.testng.ITestResult)[pri:0, instance:tests.RegisterTest@4009e306]" started-at="2025-09-08T16:16:20 IST" name="tearDown" finished-at="2025-09-08T16:16:21 IST" duration-ms="574" status="PASS">
          <params>
            <param index="0">
              <value>
                <![CDATA[[TestResult name=testUserRegistrationWithValidCredentials status=SUCCESS method=RegisterTest.testUserRegistrationWithValidCredentials()[pri:1, instance:tests.RegisterTest@4009e306] output={null}]]]>
              </value>
            </param>
          </params>
          <reporter-output>
          </reporter-output>
        </test-method> <!-- tearDown -->
        <test-method is-config="true" signature="setUp(java.lang.String,java.lang.reflect.Method)[pri:0, instance:tests.RegisterTest@4009e306]" started-at="2025-09-08T16:16:21 IST" name="setUp" finished-at="2025-09-08T16:16:24 IST" duration-ms="3418" status="PASS">
          <params>
            <param index="0">
              <value>
                <![CDATA[chrome]]>
              </value>
            </param>
            <param index="1">
              <value>
                <![CDATA[public void tests.RegisterTest.testUserRegistrationWithExistingEmail()]]>
              </value>
            </param>
          </params>
          <reporter-output>
          </reporter-output>
        </test-method> <!-- setUp -->
        <test-method signature="testUserRegistrationWithExistingEmail()[pri:2, instance:tests.RegisterTest@4009e306]" started-at="2025-09-08T16:16:24 IST" name="testUserRegistrationWithExistingEmail" description="Verify registration fails with existing email" finished-at="2025-09-08T16:16:30 IST" duration-ms="5825" status="PASS">
          <reporter-output>
          </reporter-output>
        </test-method> <!-- testUserRegistrationWithExistingEmail -->
        <test-method is-config="true" signature="tearDown(org.testng.ITestResult)[pri:0, instance:tests.RegisterTest@4009e306]" started-at="2025-09-08T16:16:30 IST" name="tearDown" finished-at="2025-09-08T16:16:32 IST" duration-ms="1643" status="PASS">
          <params>
            <param index="0">
              <value>
                <![CDATA[[TestResult name=testUserRegistrationWithExistingEmail status=SUCCESS method=RegisterTest.testUserRegistrationWithExistingEmail()[pri:2, instance:tests.RegisterTest@4009e306] output={null}]]]>
              </value>
            </param>
          </params>
          <reporter-output>
          </reporter-output>
        </test-method> <!-- tearDown -->
        <test-method is-config="true" signature="setUp(java.lang.String,java.lang.reflect.Method)[pri:0, instance:tests.RegisterTest@4009e306]" started-at="2025-09-08T16:16:32 IST" name="setUp" finished-at="2025-09-08T16:16:37 IST" duration-ms="4694" status="PASS">
          <params>
            <param index="0">
              <value>
                <![CDATA[chrome]]>
              </value>
            </param>
            <param index="1">
              <value>
                <![CDATA[public void tests.RegisterTest.testUserRegistrationWithPasswordMismatch()]]>
              </value>
            </param>
          </params>
          <reporter-output>
          </reporter-output>
        </test-method> <!-- setUp -->
        <test-method signature="testUserRegistrationWithPasswordMismatch()[pri:3, instance:tests.RegisterTest@4009e306]" started-at="2025-09-08T16:16:37 IST" name="testUserRegistrationWithPasswordMismatch" description="Verify registration fails with password confirmation mismatch" finished-at="2025-09-08T16:16:39 IST" duration-ms="2750" status="PASS">
          <reporter-output>
          </reporter-output>
        </test-method> <!-- testUserRegistrationWithPasswordMismatch -->
        <test-method is-config="true" signature="tearDown(org.testng.ITestResult)[pri:0, instance:tests.RegisterTest@4009e306]" started-at="2025-09-08T16:16:39 IST" name="tearDown" finished-at="2025-09-08T16:16:40 IST" duration-ms="513" status="PASS">
          <params>
            <param index="0">
              <value>
                <![CDATA[[TestResult name=testUserRegistrationWithPasswordMismatch status=SUCCESS method=RegisterTest.testUserRegistrationWithPasswordMismatch()[pri:3, instance:tests.RegisterTest@4009e306] output={null}]]]>
              </value>
            </param>
          </params>
          <reporter-output>
          </reporter-output>
        </test-method> <!-- tearDown -->
        <test-method is-config="true" signature="setUp(java.lang.String,java.lang.reflect.Method)[pri:0, instance:tests.RegisterTest@4009e306]" started-at="2025-09-08T16:16:40 IST" name="setUp" finished-at="2025-09-08T16:16:43 IST" duration-ms="2695" status="PASS">
          <params>
            <param index="0">
              <value>
                <![CDATA[chrome]]>
              </value>
            </param>
            <param index="1">
              <value>
                <![CDATA[public void tests.RegisterTest.testUserRegistrationWithWeakPassword()]]>
              </value>
            </param>
          </params>
          <reporter-output>
          </reporter-output>
        </test-method> <!-- setUp -->
        <test-method signature="testUserRegistrationWithWeakPassword()[pri:4, instance:tests.RegisterTest@4009e306]" started-at="2025-09-08T16:16:43 IST" name="testUserRegistrationWithWeakPassword" description="Verify registration fails with weak password" finished-at="2025-09-08T16:16:46 IST" duration-ms="3849" status="PASS">
          <reporter-output>
          </reporter-output>
        </test-method> <!-- testUserRegistrationWithWeakPassword -->
        <test-method is-config="true" signature="tearDown(org.testng.ITestResult)[pri:0, instance:tests.RegisterTest@4009e306]" started-at="2025-09-08T16:16:46 IST" name="tearDown" finished-at="2025-09-08T16:16:47 IST" duration-ms="734" status="PASS">
          <params>
            <param index="0">
              <value>
                <![CDATA[[TestResult name=testUserRegistrationWithWeakPassword status=SUCCESS method=RegisterTest.testUserRegistrationWithWeakPassword()[pri:4, instance:tests.RegisterTest@4009e306] output={null}]]]>
              </value>
            </param>
          </params>
          <reporter-output>
          </reporter-output>
        </test-method> <!-- tearDown -->
        <test-method is-config="true" signature="setUp(java.lang.String,java.lang.reflect.Method)[pri:0, instance:tests.RegisterTest@4009e306]" started-at="2025-09-08T16:16:47 IST" name="setUp" finished-at="2025-09-08T16:16:50 IST" duration-ms="2823" status="PASS">
          <params>
            <param index="0">
              <value>
                <![CDATA[chrome]]>
              </value>
            </param>
            <param index="1">
              <value>
                <![CDATA[public void tests.RegisterTest.testUserRegistrationWithEmptyFields()]]>
              </value>
            </param>
          </params>
          <reporter-output>
          </reporter-output>
        </test-method> <!-- setUp -->
        <test-method signature="testUserRegistrationWithEmptyFields()[pri:5, instance:tests.RegisterTest@4009e306]" started-at="2025-09-08T16:16:50 IST" name="testUserRegistrationWithEmptyFields" description="Verify registration fails with empty required fields" finished-at="2025-09-08T16:16:51 IST" duration-ms="1450" status="PASS">
          <reporter-output>
          </reporter-output>
        </test-method> <!-- testUserRegistrationWithEmptyFields -->
        <test-method is-config="true" signature="tearDown(org.testng.ITestResult)[pri:0, instance:tests.RegisterTest@4009e306]" started-at="2025-09-08T16:16:51 IST" name="tearDown" finished-at="2025-09-08T16:16:52 IST" duration-ms="423" status="PASS">
          <params>
            <param index="0">
              <value>
                <![CDATA[[TestResult name=testUserRegistrationWithEmptyFields status=SUCCESS method=RegisterTest.testUserRegistrationWithEmptyFields()[pri:5, instance:tests.RegisterTest@4009e306] output={null}]]]>
              </value>
            </param>
          </params>
          <reporter-output>
          </reporter-output>
        </test-method> <!-- tearDown -->
      </class> <!-- tests.RegisterTest -->
    </test> <!-- Register Tests -->
    <test started-at="2025-09-08T16:16:52 IST" name="Login Tests" finished-at="2025-09-08T16:17:26 IST" duration-ms="34398">
      <class name="tests.LoginTest">
        <test-method is-config="true" signature="setUp(java.lang.String,java.lang.reflect.Method)[pri:0, instance:tests.LoginTest@31f9b85e]" started-at="2025-09-08T16:16:52 IST" name="setUp" finished-at="2025-09-08T16:16:55 IST" duration-ms="2800" status="PASS">
          <params>
            <param index="0">
              <value>
                <![CDATA[chrome]]>
              </value>
            </param>
            <param index="1">
              <value>
                <![CDATA[public void tests.LoginTest.testUserLoginWithValidCredentials()]]>
              </value>
            </param>
          </params>
          <reporter-output>
          </reporter-output>
        </test-method> <!-- setUp -->
        <test-method signature="testUserLoginWithValidCredentials()[pri:1, instance:tests.LoginTest@31f9b85e]" started-at="2025-09-08T16:16:55 IST" name="testUserLoginWithValidCredentials" description="Verify user can login with valid credentials" finished-at="2025-09-08T16:16:58 IST" duration-ms="3330" status="PASS">
          <reporter-output>
          </reporter-output>
        </test-method> <!-- testUserLoginWithValidCredentials -->
        <test-method is-config="true" signature="tearDown(org.testng.ITestResult)[pri:0, instance:tests.LoginTest@31f9b85e]" started-at="2025-09-08T16:16:58 IST" name="tearDown" finished-at="2025-09-08T16:17:00 IST" duration-ms="2412" status="PASS">
          <params>
            <param index="0">
              <value>
                <![CDATA[[TestResult name=testUserLoginWithValidCredentials status=SUCCESS method=LoginTest.testUserLoginWithValidCredentials()[pri:1, instance:tests.LoginTest@31f9b85e] output={null}]]]>
              </value>
            </param>
          </params>
          <reporter-output>
          </reporter-output>
        </test-method> <!-- tearDown -->
        <test-method is-config="true" signature="setUp(java.lang.String,java.lang.reflect.Method)[pri:0, instance:tests.LoginTest@31f9b85e]" started-at="2025-09-08T16:17:00 IST" name="setUp" finished-at="2025-09-08T16:17:03 IST" duration-ms="2613" status="PASS">
          <params>
            <param index="0">
              <value>
                <![CDATA[chrome]]>
              </value>
            </param>
            <param index="1">
              <value>
                <![CDATA[public void tests.LoginTest.testUserLoginWithInvalidCredentials()]]>
              </value>
            </param>
          </params>
          <reporter-output>
          </reporter-output>
        </test-method> <!-- setUp -->
        <test-method signature="testUserLoginWithInvalidCredentials()[pri:2, instance:tests.LoginTest@31f9b85e]" started-at="2025-09-08T16:17:03 IST" name="testUserLoginWithInvalidCredentials" description="Verify login fails with invalid credentials" finished-at="2025-09-08T16:17:06 IST" duration-ms="3181" status="PASS">
          <reporter-output>
          </reporter-output>
        </test-method> <!-- testUserLoginWithInvalidCredentials -->
        <test-method is-config="true" signature="tearDown(org.testng.ITestResult)[pri:0, instance:tests.LoginTest@31f9b85e]" started-at="2025-09-08T16:17:06 IST" name="tearDown" finished-at="2025-09-08T16:17:07 IST" duration-ms="490" status="PASS">
          <params>
            <param index="0">
              <value>
                <![CDATA[[TestResult name=testUserLoginWithInvalidCredentials status=SUCCESS method=LoginTest.testUserLoginWithInvalidCredentials()[pri:2, instance:tests.LoginTest@31f9b85e] output={null}]]]>
              </value>
            </param>
          </params>
          <reporter-output>
          </reporter-output>
        </test-method> <!-- tearDown -->
        <test-method is-config="true" signature="setUp(java.lang.String,java.lang.reflect.Method)[pri:0, instance:tests.LoginTest@31f9b85e]" started-at="2025-09-08T16:17:07 IST" name="setUp" finished-at="2025-09-08T16:17:09 IST" duration-ms="2282" status="PASS">
          <params>
            <param index="0">
              <value>
                <![CDATA[chrome]]>
              </value>
            </param>
            <param index="1">
              <value>
                <![CDATA[public void tests.LoginTest.testUserLogout()]]>
              </value>
            </param>
          </params>
          <reporter-output>
          </reporter-output>
        </test-method> <!-- setUp -->
        <test-method signature="testUserLogout()[pri:3, instance:tests.LoginTest@31f9b85e]" started-at="2025-09-08T16:17:09 IST" name="testUserLogout" description="Verify user can logout successfully" finished-at="2025-09-08T16:17:15 IST" duration-ms="5703" status="PASS">
          <reporter-output>
          </reporter-output>
        </test-method> <!-- testUserLogout -->
        <test-method is-config="true" signature="tearDown(org.testng.ITestResult)[pri:0, instance:tests.LoginTest@31f9b85e]" started-at="2025-09-08T16:17:15 IST" name="tearDown" finished-at="2025-09-08T16:17:16 IST" duration-ms="933" status="PASS">
          <params>
            <param index="0">
              <value>
                <![CDATA[[TestResult name=testUserLogout status=SUCCESS method=LoginTest.testUserLogout()[pri:3, instance:tests.LoginTest@31f9b85e] output={null}]]]>
              </value>
            </param>
          </params>
          <reporter-output>
          </reporter-output>
        </test-method> <!-- tearDown -->
        <test-method is-config="true" signature="setUp(java.lang.String,java.lang.reflect.Method)[pri:0, instance:tests.LoginTest@31f9b85e]" started-at="2025-09-08T16:17:16 IST" name="setUp" finished-at="2025-09-08T16:17:19 IST" duration-ms="3007" status="PASS">
          <params>
            <param index="0">
              <value>
                <![CDATA[chrome]]>
              </value>
            </param>
            <param index="1">
              <value>
                <![CDATA[public void tests.LoginTest.testLoginWithEmptyCredentials()]]>
              </value>
            </param>
          </params>
          <reporter-output>
          </reporter-output>
        </test-method> <!-- setUp -->
        <test-method signature="testLoginWithEmptyCredentials()[pri:4, instance:tests.LoginTest@31f9b85e]" started-at="2025-09-08T16:17:19 IST" name="testLoginWithEmptyCredentials" description="Verify login fails with empty credentials" finished-at="2025-09-08T16:17:20 IST" duration-ms="1258" status="PASS">
          <reporter-output>
          </reporter-output>
        </test-method> <!-- testLoginWithEmptyCredentials -->
        <test-method is-config="true" signature="tearDown(org.testng.ITestResult)[pri:0, instance:tests.LoginTest@31f9b85e]" started-at="2025-09-08T16:17:20 IST" name="tearDown" finished-at="2025-09-08T16:17:20 IST" duration-ms="519" status="PASS">
          <params>
            <param index="0">
              <value>
                <![CDATA[[TestResult name=testLoginWithEmptyCredentials status=SUCCESS method=LoginTest.testLoginWithEmptyCredentials()[pri:4, instance:tests.LoginTest@31f9b85e] output={null}]]]>
              </value>
            </param>
          </params>
          <reporter-output>
          </reporter-output>
        </test-method> <!-- tearDown -->
        <test-method is-config="true" signature="setUp(java.lang.String,java.lang.reflect.Method)[pri:0, instance:tests.LoginTest@31f9b85e]" started-at="2025-09-08T16:17:20 IST" name="setUp" finished-at="2025-09-08T16:17:23 IST" duration-ms="3000" status="PASS">
          <params>
            <param index="0">
              <value>
                <![CDATA[chrome]]>
              </value>
            </param>
            <param index="1">
              <value>
                <![CDATA[public void tests.LoginTest.testLoginWithEmptyPassword()]]>
              </value>
            </param>
          </params>
          <reporter-output>
          </reporter-output>
        </test-method> <!-- setUp -->
        <test-method signature="testLoginWithEmptyPassword()[pri:5, instance:tests.LoginTest@31f9b85e]" started-at="2025-09-08T16:17:23 IST" name="testLoginWithEmptyPassword" description="Verify login fails with valid email but empty password" finished-at="2025-09-08T16:17:26 IST" duration-ms="2327" status="PASS">
          <reporter-output>
          </reporter-output>
        </test-method> <!-- testLoginWithEmptyPassword -->
        <test-method is-config="true" signature="tearDown(org.testng.ITestResult)[pri:0, instance:tests.LoginTest@31f9b85e]" started-at="2025-09-08T16:17:26 IST" name="tearDown" finished-at="2025-09-08T16:17:26 IST" duration-ms="526" status="PASS">
          <params>
            <param index="0">
              <value>
                <![CDATA[[TestResult name=testLoginWithEmptyPassword status=SUCCESS method=LoginTest.testLoginWithEmptyPassword()[pri:5, instance:tests.LoginTest@31f9b85e] output={null}]]]>
              </value>
            </param>
          </params>
          <reporter-output>
          </reporter-output>
        </test-method> <!-- tearDown -->
      </class> <!-- tests.LoginTest -->
    </test> <!-- Login Tests -->
    <test started-at="2025-09-08T16:17:26 IST" name="Product Tests" finished-at="2025-09-08T16:18:03 IST" duration-ms="36331">
      <class name="tests.ProductTest">
        <test-method is-config="true" signature="setUp(java.lang.String,java.lang.reflect.Method)[pri:0, instance:tests.ProductTest@3c0be339]" started-at="2025-09-08T16:17:26 IST" name="setUp" finished-at="2025-09-08T16:17:30 IST" duration-ms="4096" status="PASS">
          <params>
            <param index="0">
              <value>
                <![CDATA[chrome]]>
              </value>
            </param>
            <param index="1">
              <value>
                <![CDATA[public void tests.ProductTest.testViewProductDetails()]]>
              </value>
            </param>
          </params>
          <reporter-output>
          </reporter-output>
        </test-method> <!-- setUp -->
        <test-method signature="testViewProductDetails()[pri:1, instance:tests.ProductTest@3c0be339]" started-at="2025-09-08T16:17:30 IST" name="testViewProductDetails" description="Verify user can view product details" finished-at="2025-09-08T16:17:32 IST" duration-ms="1657" status="PASS">
          <reporter-output>
          </reporter-output>
        </test-method> <!-- testViewProductDetails -->
        <test-method is-config="true" signature="tearDown(org.testng.ITestResult)[pri:0, instance:tests.ProductTest@3c0be339]" started-at="2025-09-08T16:17:32 IST" name="tearDown" finished-at="2025-09-08T16:17:33 IST" duration-ms="735" status="PASS">
          <params>
            <param index="0">
              <value>
                <![CDATA[[TestResult name=testViewProductDetails status=SUCCESS method=ProductTest.testViewProductDetails()[pri:1, instance:tests.ProductTest@3c0be339] output={null}]]]>
              </value>
            </param>
          </params>
          <reporter-output>
          </reporter-output>
        </test-method> <!-- tearDown -->
        <test-method is-config="true" signature="setUp(java.lang.String,java.lang.reflect.Method)[pri:0, instance:tests.ProductTest@3c0be339]" started-at="2025-09-08T16:17:33 IST" name="setUp" finished-at="2025-09-08T16:17:35 IST" duration-ms="2350" status="PASS">
          <params>
            <param index="0">
              <value>
                <![CDATA[chrome]]>
              </value>
            </param>
            <param index="1">
              <value>
                <![CDATA[public void tests.ProductTest.testAddConfigurableProductToCart()]]>
              </value>
            </param>
          </params>
          <reporter-output>
          </reporter-output>
        </test-method> <!-- setUp -->
        <test-method signature="testAddConfigurableProductToCart()[pri:2, instance:tests.ProductTest@3c0be339]" started-at="2025-09-08T16:17:35 IST" name="testAddConfigurableProductToCart" description="Verify user can configure and add product to cart" finished-at="2025-09-08T16:17:41 IST" duration-ms="5617" status="PASS">
          <reporter-output>
          </reporter-output>
        </test-method> <!-- testAddConfigurableProductToCart -->
        <test-method is-config="true" signature="tearDown(org.testng.ITestResult)[pri:0, instance:tests.ProductTest@3c0be339]" started-at="2025-09-08T16:17:41 IST" name="tearDown" finished-at="2025-09-08T16:17:44 IST" duration-ms="3159" status="PASS">
          <params>
            <param index="0">
              <value>
                <![CDATA[[TestResult name=testAddConfigurableProductToCart status=SUCCESS method=ProductTest.testAddConfigurableProductToCart()[pri:2, instance:tests.ProductTest@3c0be339] output={null}]]]>
              </value>
            </param>
          </params>
          <reporter-output>
          </reporter-output>
        </test-method> <!-- tearDown -->
        <test-method is-config="true" signature="setUp(java.lang.String,java.lang.reflect.Method)[pri:0, instance:tests.ProductTest@3c0be339]" started-at="2025-09-08T16:17:44 IST" name="setUp" finished-at="2025-09-08T16:17:46 IST" duration-ms="2483" status="PASS">
          <params>
            <param index="0">
              <value>
                <![CDATA[chrome]]>
              </value>
            </param>
            <param index="1">
              <value>
                <![CDATA[public void tests.ProductTest.testAddSimpleProductToCartFromCategory()]]>
              </value>
            </param>
          </params>
          <reporter-output>
          </reporter-output>
        </test-method> <!-- setUp -->
        <test-method signature="testAddSimpleProductToCartFromCategory()[pri:3, instance:tests.ProductTest@3c0be339]" started-at="2025-09-08T16:17:46 IST" name="testAddSimpleProductToCartFromCategory" description="Verify user can add simple product to cart from category page" finished-at="2025-09-08T16:17:48 IST" duration-ms="2005" status="PASS">
          <reporter-output>
          </reporter-output>
        </test-method> <!-- testAddSimpleProductToCartFromCategory -->
        <test-method is-config="true" signature="tearDown(org.testng.ITestResult)[pri:0, instance:tests.ProductTest@3c0be339]" started-at="2025-09-08T16:17:48 IST" name="tearDown" finished-at="2025-09-08T16:17:49 IST" duration-ms="836" status="PASS">
          <params>
            <param index="0">
              <value>
                <![CDATA[[TestResult name=testAddSimpleProductToCartFromCategory status=SUCCESS method=ProductTest.testAddSimpleProductToCartFromCategory()[pri:3, instance:tests.ProductTest@3c0be339] output={null}]]]>
              </value>
            </param>
          </params>
          <reporter-output>
          </reporter-output>
        </test-method> <!-- tearDown -->
        <test-method is-config="true" signature="setUp(java.lang.String,java.lang.reflect.Method)[pri:0, instance:tests.ProductTest@3c0be339]" started-at="2025-09-08T16:17:49 IST" name="setUp" finished-at="2025-09-08T16:17:52 IST" duration-ms="2311" status="PASS">
          <params>
            <param index="0">
              <value>
                <![CDATA[chrome]]>
              </value>
            </param>
            <param index="1">
              <value>
                <![CDATA[public void tests.ProductTest.testProductSearchFunctionality()]]>
              </value>
            </param>
          </params>
          <reporter-output>
          </reporter-output>
        </test-method> <!-- setUp -->
        <test-method signature="testProductSearchFunctionality()[pri:4, instance:tests.ProductTest@3c0be339]" started-at="2025-09-08T16:17:52 IST" name="testProductSearchFunctionality" description="Verify product search functionality" finished-at="2025-09-08T16:17:54 IST" duration-ms="2503" status="PASS">
          <reporter-output>
          </reporter-output>
        </test-method> <!-- testProductSearchFunctionality -->
        <test-method is-config="true" signature="tearDown(org.testng.ITestResult)[pri:0, instance:tests.ProductTest@3c0be339]" started-at="2025-09-08T16:17:54 IST" name="tearDown" finished-at="2025-09-08T16:17:55 IST" duration-ms="584" status="PASS">
          <params>
            <param index="0">
              <value>
                <![CDATA[[TestResult name=testProductSearchFunctionality status=SUCCESS method=ProductTest.testProductSearchFunctionality()[pri:4, instance:tests.ProductTest@3c0be339] output={null}]]]>
              </value>
            </param>
          </params>
          <reporter-output>
          </reporter-output>
        </test-method> <!-- tearDown -->
        <test-method is-config="true" signature="setUp(java.lang.String,java.lang.reflect.Method)[pri:0, instance:tests.ProductTest@3c0be339]" started-at="2025-09-08T16:17:55 IST" name="setUp" finished-at="2025-09-08T16:17:58 IST" duration-ms="3860" status="PASS">
          <params>
            <param index="0">
              <value>
                <![CDATA[chrome]]>
              </value>
            </param>
            <param index="1">
              <value>
                <![CDATA[public void tests.ProductTest.testProductFilterFunctionality()]]>
              </value>
            </param>
          </params>
          <reporter-output>
          </reporter-output>
        </test-method> <!-- setUp -->
        <test-method signature="testProductFilterFunctionality()[pri:5, instance:tests.ProductTest@3c0be339]" started-at="2025-09-08T16:17:58 IST" name="testProductFilterFunctionality" description="Verify product filter functionality" finished-at="2025-09-08T16:18:01 IST" duration-ms="2523" status="PASS">
          <reporter-output>
          </reporter-output>
        </test-method> <!-- testProductFilterFunctionality -->
        <test-method is-config="true" signature="tearDown(org.testng.ITestResult)[pri:0, instance:tests.ProductTest@3c0be339]" started-at="2025-09-08T16:18:01 IST" name="tearDown" finished-at="2025-09-08T16:18:03 IST" duration-ms="1593" status="PASS">
          <params>
            <param index="0">
              <value>
                <![CDATA[[TestResult name=testProductFilterFunctionality status=SUCCESS method=ProductTest.testProductFilterFunctionality()[pri:5, instance:tests.ProductTest@3c0be339] output={null}]]]>
              </value>
            </param>
          </params>
          <reporter-output>
          </reporter-output>
        </test-method> <!-- tearDown -->
      </class> <!-- tests.ProductTest -->
    </test> <!-- Product Tests -->
    <test started-at="2025-09-08T16:18:03 IST" name="Cart Tests" finished-at="2025-09-08T16:18:16 IST" duration-ms="12990">
      <class name="tests.CartTest">
        <test-method is-config="true" signature="setUpSuite()[pri:0, instance:tests.CartTest@683dbc2c]" started-at="2025-09-08T16:16:06 IST" name="setUpSuite" finished-at="2025-09-08T16:16:06 IST" duration-ms="476" status="PASS">
          <reporter-output>
          </reporter-output>
        </test-method> <!-- setUpSuite -->
        <test-method is-config="true" signature="setUp(java.lang.String,java.lang.reflect.Method)[pri:0, instance:tests.CartTest@683dbc2c]" started-at="2025-09-08T16:18:03 IST" name="setUp" finished-at="2025-09-08T16:18:05 IST" duration-ms="2672" status="PASS">
          <params>
            <param index="0">
              <value>
                <![CDATA[chrome]]>
              </value>
            </param>
            <param index="1">
              <value>
                <![CDATA[public void tests.CartTest.testProceedToCheckoutFromCart()]]>
              </value>
            </param>
          </params>
          <reporter-output>
          </reporter-output>
        </test-method> <!-- setUp -->
        <test-method signature="testProceedToCheckoutFromCart()[pri:1, instance:tests.CartTest@683dbc2c]" started-at="2025-09-08T16:18:05 IST" name="testProceedToCheckoutFromCart" description="Verify user can proceed to checkout from cart" finished-at="2025-09-08T16:18:15 IST" duration-ms="9542" status="PASS">
          <reporter-output>
          </reporter-output>
        </test-method> <!-- testProceedToCheckoutFromCart -->
        <test-method is-config="true" signature="tearDown(org.testng.ITestResult)[pri:0, instance:tests.CartTest@683dbc2c]" started-at="2025-09-08T16:18:15 IST" name="tearDown" finished-at="2025-09-08T16:18:16 IST" duration-ms="771" status="PASS">
          <params>
            <param index="0">
              <value>
                <![CDATA[[TestResult name=testProceedToCheckoutFromCart status=SUCCESS method=CartTest.testProceedToCheckoutFromCart()[pri:1, instance:tests.CartTest@683dbc2c] output={null}]]]>
              </value>
            </param>
          </params>
          <reporter-output>
          </reporter-output>
        </test-method> <!-- tearDown -->
        <test-method is-config="true" signature="tearDownSuite()[pri:0, instance:tests.CartTest@683dbc2c]" started-at="2025-09-08T16:18:16 IST" name="tearDownSuite" finished-at="2025-09-08T16:18:16 IST" duration-ms="673" status="PASS">
          <reporter-output>
          </reporter-output>
        </test-method> <!-- tearDownSuite -->
      </class> <!-- tests.CartTest -->
    </test> <!-- Cart Tests -->
  </suite> <!-- nopCommerce Test Suite -->
</testng-results>
