<?xml version="1.0" encoding="UTF-8"?>
<testng-results ignored="0" total="16" passed="16" failed="0" skipped="0">
  <reporter-output>
  </reporter-output>
  <suite started-at="2025-09-08T13:23:47 IST" name="nopCommerce Test Suite" finished-at="2025-09-08T13:25:44 IST" duration-ms="117057">
    <groups>
    </groups>
    <test started-at="2025-09-08T13:23:47 IST" name="Register Tests" finished-at="2025-09-08T13:24:27 IST" duration-ms="40324">
      <class name="tests.RegisterTest">
        <test-method is-config="true" signature="setUp(java.lang.String,java.lang.reflect.Method)[pri:0, instance:tests.RegisterTest@2a5c8d3f]" started-at="2025-09-08T13:23:47 IST" name="setUp" finished-at="2025-09-08T13:23:55 IST" duration-ms="8172" status="PASS">
          <params>
            <param index="0">
              <value>
                <![CDATA[chrome]]>
              </value>
            </param>
            <param index="1">
              <value>
                <![CDATA[public void tests.RegisterTest.testUserRegistrationWithValidCredentials()]]>
              </value>
            </param>
          </params>
          <reporter-output>
          </reporter-output>
        </test-method> <!-- setUp -->
        <test-method signature="testUserRegistrationWithValidCredentials()[pri:1, instance:tests.RegisterTest@2a5c8d3f]" started-at="2025-09-08T13:23:55 IST" name="testUserRegistrationWithValidCredentials" description="Verify user can register with valid credentials" finished-at="2025-09-08T13:24:00 IST" duration-ms="5198" status="PASS">
          <reporter-output>
          </reporter-output>
        </test-method> <!-- testUserRegistrationWithValidCredentials -->
        <test-method is-config="true" signature="tearDown(org.testng.ITestResult)[pri:0, instance:tests.RegisterTest@2a5c8d3f]" started-at="2025-09-08T13:24:00 IST" name="tearDown" finished-at="2025-09-08T13:24:01 IST" duration-ms="789" status="PASS">
          <params>
            <param index="0">
              <value>
                <![CDATA[[TestResult name=testUserRegistrationWithValidCredentials status=SUCCESS method=RegisterTest.testUserRegistrationWithValidCredentials()[pri:1, instance:tests.RegisterTest@2a5c8d3f] output={null}]]]>
              </value>
            </param>
          </params>
          <reporter-output>
          </reporter-output>
        </test-method> <!-- tearDown -->
        <test-method is-config="true" signature="setUp(java.lang.String,java.lang.reflect.Method)[pri:0, instance:tests.RegisterTest@2a5c8d3f]" started-at="2025-09-08T13:24:01 IST" name="setUp" finished-at="2025-09-08T13:24:04 IST" duration-ms="2609" status="PASS">
          <params>
            <param index="0">
              <value>
                <![CDATA[chrome]]>
              </value>
            </param>
            <param index="1">
              <value>
                <![CDATA[public void tests.RegisterTest.testUserRegistrationWithExistingEmail()]]>
              </value>
            </param>
          </params>
          <reporter-output>
          </reporter-output>
        </test-method> <!-- setUp -->
        <test-method signature="testUserRegistrationWithExistingEmail()[pri:2, instance:tests.RegisterTest@2a5c8d3f]" started-at="2025-09-08T13:24:04 IST" name="testUserRegistrationWithExistingEmail" description="Verify registration fails with existing email" finished-at="2025-09-08T13:24:08 IST" duration-ms="4064" status="PASS">
          <reporter-output>
          </reporter-output>
        </test-method> <!-- testUserRegistrationWithExistingEmail -->
        <test-method is-config="true" signature="tearDown(org.testng.ITestResult)[pri:0, instance:tests.RegisterTest@2a5c8d3f]" started-at="2025-09-08T13:24:08 IST" name="tearDown" finished-at="2025-09-08T13:24:09 IST" duration-ms="1411" status="PASS">
          <params>
            <param index="0">
              <value>
                <![CDATA[[TestResult name=testUserRegistrationWithExistingEmail status=SUCCESS method=RegisterTest.testUserRegistrationWithExistingEmail()[pri:2, instance:tests.RegisterTest@2a5c8d3f] output={null}]]]>
              </value>
            </param>
          </params>
          <reporter-output>
          </reporter-output>
        </test-method> <!-- tearDown -->
        <test-method is-config="true" signature="setUp(java.lang.String,java.lang.reflect.Method)[pri:0, instance:tests.RegisterTest@2a5c8d3f]" started-at="2025-09-08T13:24:09 IST" name="setUp" finished-at="2025-09-08T13:24:12 IST" duration-ms="2572" status="PASS">
          <params>
            <param index="0">
              <value>
                <![CDATA[chrome]]>
              </value>
            </param>
            <param index="1">
              <value>
                <![CDATA[public void tests.RegisterTest.testUserRegistrationWithPasswordMismatch()]]>
              </value>
            </param>
          </params>
          <reporter-output>
          </reporter-output>
        </test-method> <!-- setUp -->
        <test-method signature="testUserRegistrationWithPasswordMismatch()[pri:3, instance:tests.RegisterTest@2a5c8d3f]" started-at="2025-09-08T13:24:12 IST" name="testUserRegistrationWithPasswordMismatch" description="Verify registration fails with password confirmation mismatch" finished-at="2025-09-08T13:24:15 IST" duration-ms="3278" status="PASS">
          <reporter-output>
          </reporter-output>
        </test-method> <!-- testUserRegistrationWithPasswordMismatch -->
        <test-method is-config="true" signature="tearDown(org.testng.ITestResult)[pri:0, instance:tests.RegisterTest@2a5c8d3f]" started-at="2025-09-08T13:24:15 IST" name="tearDown" finished-at="2025-09-08T13:24:15 IST" duration-ms="545" status="PASS">
          <params>
            <param index="0">
              <value>
                <![CDATA[[TestResult name=testUserRegistrationWithPasswordMismatch status=SUCCESS method=RegisterTest.testUserRegistrationWithPasswordMismatch()[pri:3, instance:tests.RegisterTest@2a5c8d3f] output={null}]]]>
              </value>
            </param>
          </params>
          <reporter-output>
          </reporter-output>
        </test-method> <!-- tearDown -->
        <test-method is-config="true" signature="setUp(java.lang.String,java.lang.reflect.Method)[pri:0, instance:tests.RegisterTest@2a5c8d3f]" started-at="2025-09-08T13:24:15 IST" name="setUp" finished-at="2025-09-08T13:24:18 IST" duration-ms="2377" status="PASS">
          <params>
            <param index="0">
              <value>
                <![CDATA[chrome]]>
              </value>
            </param>
            <param index="1">
              <value>
                <![CDATA[public void tests.RegisterTest.testUserRegistrationWithWeakPassword()]]>
              </value>
            </param>
          </params>
          <reporter-output>
          </reporter-output>
        </test-method> <!-- setUp -->
        <test-method signature="testUserRegistrationWithWeakPassword()[pri:4, instance:tests.RegisterTest@2a5c8d3f]" started-at="2025-09-08T13:24:18 IST" name="testUserRegistrationWithWeakPassword" description="Verify registration fails with weak password" finished-at="2025-09-08T13:24:20 IST" duration-ms="2626" status="PASS">
          <reporter-output>
          </reporter-output>
        </test-method> <!-- testUserRegistrationWithWeakPassword -->
        <test-method is-config="true" signature="tearDown(org.testng.ITestResult)[pri:0, instance:tests.RegisterTest@2a5c8d3f]" started-at="2025-09-08T13:24:20 IST" name="tearDown" finished-at="2025-09-08T13:24:21 IST" duration-ms="605" status="PASS">
          <params>
            <param index="0">
              <value>
                <![CDATA[[TestResult name=testUserRegistrationWithWeakPassword status=SUCCESS method=RegisterTest.testUserRegistrationWithWeakPassword()[pri:4, instance:tests.RegisterTest@2a5c8d3f] output={null}]]]>
              </value>
            </param>
          </params>
          <reporter-output>
          </reporter-output>
        </test-method> <!-- tearDown -->
        <test-method is-config="true" signature="setUp(java.lang.String,java.lang.reflect.Method)[pri:0, instance:tests.RegisterTest@2a5c8d3f]" started-at="2025-09-08T13:24:21 IST" name="setUp" finished-at="2025-09-08T13:24:24 IST" duration-ms="3323" status="PASS">
          <params>
            <param index="0">
              <value>
                <![CDATA[chrome]]>
              </value>
            </param>
            <param index="1">
              <value>
                <![CDATA[public void tests.RegisterTest.testUserRegistrationWithEmptyFields()]]>
              </value>
            </param>
          </params>
          <reporter-output>
          </reporter-output>
        </test-method> <!-- setUp -->
        <test-method signature="testUserRegistrationWithEmptyFields()[pri:5, instance:tests.RegisterTest@2a5c8d3f]" started-at="2025-09-08T13:24:24 IST" name="testUserRegistrationWithEmptyFields" description="Verify registration fails with empty required fields" finished-at="2025-09-08T13:24:26 IST" duration-ms="1951" status="PASS">
          <reporter-output>
          </reporter-output>
        </test-method> <!-- testUserRegistrationWithEmptyFields -->
        <test-method is-config="true" signature="tearDown(org.testng.ITestResult)[pri:0, instance:tests.RegisterTest@2a5c8d3f]" started-at="2025-09-08T13:24:26 IST" name="tearDown" finished-at="2025-09-08T13:24:27 IST" duration-ms="720" status="PASS">
          <params>
            <param index="0">
              <value>
                <![CDATA[[TestResult name=testUserRegistrationWithEmptyFields status=SUCCESS method=RegisterTest.testUserRegistrationWithEmptyFields()[pri:5, instance:tests.RegisterTest@2a5c8d3f] output={null}]]]>
              </value>
            </param>
          </params>
          <reporter-output>
          </reporter-output>
        </test-method> <!-- tearDown -->
      </class> <!-- tests.RegisterTest -->
    </test> <!-- Register Tests -->
    <test started-at="2025-09-08T13:24:27 IST" name="Login Tests" finished-at="2025-09-08T13:25:00 IST" duration-ms="33243">
      <class name="tests.LoginTest">
        <test-method is-config="true" signature="setUp(java.lang.String,java.lang.reflect.Method)[pri:0, instance:tests.LoginTest@6a2f6f80]" started-at="2025-09-08T13:24:27 IST" name="setUp" finished-at="2025-09-08T13:24:29 IST" duration-ms="2095" status="PASS">
          <params>
            <param index="0">
              <value>
                <![CDATA[chrome]]>
              </value>
            </param>
            <param index="1">
              <value>
                <![CDATA[public void tests.LoginTest.testUserLoginWithValidCredentials()]]>
              </value>
            </param>
          </params>
          <reporter-output>
          </reporter-output>
        </test-method> <!-- setUp -->
        <test-method signature="testUserLoginWithValidCredentials()[pri:1, instance:tests.LoginTest@6a2f6f80]" started-at="2025-09-08T13:24:29 IST" name="testUserLoginWithValidCredentials" description="Verify user can login with valid credentials" finished-at="2025-09-08T13:24:33 IST" duration-ms="3319" status="PASS">
          <reporter-output>
          </reporter-output>
        </test-method> <!-- testUserLoginWithValidCredentials -->
        <test-method is-config="true" signature="tearDown(org.testng.ITestResult)[pri:0, instance:tests.LoginTest@6a2f6f80]" started-at="2025-09-08T13:24:33 IST" name="tearDown" finished-at="2025-09-08T13:24:33 IST" duration-ms="753" status="PASS">
          <params>
            <param index="0">
              <value>
                <![CDATA[[TestResult name=testUserLoginWithValidCredentials status=SUCCESS method=LoginTest.testUserLoginWithValidCredentials()[pri:1, instance:tests.LoginTest@6a2f6f80] output={null}]]]>
              </value>
            </param>
          </params>
          <reporter-output>
          </reporter-output>
        </test-method> <!-- tearDown -->
        <test-method is-config="true" signature="setUp(java.lang.String,java.lang.reflect.Method)[pri:0, instance:tests.LoginTest@6a2f6f80]" started-at="2025-09-08T13:24:33 IST" name="setUp" finished-at="2025-09-08T13:24:36 IST" duration-ms="2352" status="PASS">
          <params>
            <param index="0">
              <value>
                <![CDATA[chrome]]>
              </value>
            </param>
            <param index="1">
              <value>
                <![CDATA[public void tests.LoginTest.testUserLoginWithInvalidCredentials()]]>
              </value>
            </param>
          </params>
          <reporter-output>
          </reporter-output>
        </test-method> <!-- setUp -->
        <test-method signature="testUserLoginWithInvalidCredentials()[pri:2, instance:tests.LoginTest@6a2f6f80]" started-at="2025-09-08T13:24:36 IST" name="testUserLoginWithInvalidCredentials" description="Verify login fails with invalid credentials" finished-at="2025-09-08T13:24:39 IST" duration-ms="3621" status="PASS">
          <reporter-output>
          </reporter-output>
        </test-method> <!-- testUserLoginWithInvalidCredentials -->
        <test-method is-config="true" signature="tearDown(org.testng.ITestResult)[pri:0, instance:tests.LoginTest@6a2f6f80]" started-at="2025-09-08T13:24:39 IST" name="tearDown" finished-at="2025-09-08T13:24:40 IST" duration-ms="812" status="PASS">
          <params>
            <param index="0">
              <value>
                <![CDATA[[TestResult name=testUserLoginWithInvalidCredentials status=SUCCESS method=LoginTest.testUserLoginWithInvalidCredentials()[pri:2, instance:tests.LoginTest@6a2f6f80] output={null}]]]>
              </value>
            </param>
          </params>
          <reporter-output>
          </reporter-output>
        </test-method> <!-- tearDown -->
        <test-method is-config="true" signature="setUp(java.lang.String,java.lang.reflect.Method)[pri:0, instance:tests.LoginTest@6a2f6f80]" started-at="2025-09-08T13:24:40 IST" name="setUp" finished-at="2025-09-08T13:24:43 IST" duration-ms="2705" status="PASS">
          <params>
            <param index="0">
              <value>
                <![CDATA[chrome]]>
              </value>
            </param>
            <param index="1">
              <value>
                <![CDATA[public void tests.LoginTest.testUserLogout()]]>
              </value>
            </param>
          </params>
          <reporter-output>
          </reporter-output>
        </test-method> <!-- setUp -->
        <test-method signature="testUserLogout()[pri:3, instance:tests.LoginTest@6a2f6f80]" started-at="2025-09-08T13:24:43 IST" name="testUserLogout" description="Verify user can logout successfully" finished-at="2025-09-08T13:24:47 IST" duration-ms="3953" status="PASS">
          <reporter-output>
          </reporter-output>
        </test-method> <!-- testUserLogout -->
        <test-method is-config="true" signature="tearDown(org.testng.ITestResult)[pri:0, instance:tests.LoginTest@6a2f6f80]" started-at="2025-09-08T13:24:47 IST" name="tearDown" finished-at="2025-09-08T13:24:47 IST" duration-ms="670" status="PASS">
          <params>
            <param index="0">
              <value>
                <![CDATA[[TestResult name=testUserLogout status=SUCCESS method=LoginTest.testUserLogout()[pri:3, instance:tests.LoginTest@6a2f6f80] output={null}]]]>
              </value>
            </param>
          </params>
          <reporter-output>
          </reporter-output>
        </test-method> <!-- tearDown -->
        <test-method is-config="true" signature="setUp(java.lang.String,java.lang.reflect.Method)[pri:0, instance:tests.LoginTest@6a2f6f80]" started-at="2025-09-08T13:24:47 IST" name="setUp" finished-at="2025-09-08T13:24:49 IST" duration-ms="2031" status="PASS">
          <params>
            <param index="0">
              <value>
                <![CDATA[chrome]]>
              </value>
            </param>
            <param index="1">
              <value>
                <![CDATA[public void tests.LoginTest.testLoginWithEmptyCredentials()]]>
              </value>
            </param>
          </params>
          <reporter-output>
          </reporter-output>
        </test-method> <!-- setUp -->
        <test-method signature="testLoginWithEmptyCredentials()[pri:4, instance:tests.LoginTest@6a2f6f80]" started-at="2025-09-08T13:24:49 IST" name="testLoginWithEmptyCredentials" description="Verify login fails with empty credentials" finished-at="2025-09-08T13:24:51 IST" duration-ms="1623" status="PASS">
          <reporter-output>
          </reporter-output>
        </test-method> <!-- testLoginWithEmptyCredentials -->
        <test-method is-config="true" signature="tearDown(org.testng.ITestResult)[pri:0, instance:tests.LoginTest@6a2f6f80]" started-at="2025-09-08T13:24:51 IST" name="tearDown" finished-at="2025-09-08T13:24:54 IST" duration-ms="2959" status="PASS">
          <params>
            <param index="0">
              <value>
                <![CDATA[[TestResult name=testLoginWithEmptyCredentials status=SUCCESS method=LoginTest.testLoginWithEmptyCredentials()[pri:4, instance:tests.LoginTest@6a2f6f80] output={null}]]]>
              </value>
            </param>
          </params>
          <reporter-output>
          </reporter-output>
        </test-method> <!-- tearDown -->
        <test-method is-config="true" signature="setUp(java.lang.String,java.lang.reflect.Method)[pri:0, instance:tests.LoginTest@6a2f6f80]" started-at="2025-09-08T13:24:54 IST" name="setUp" finished-at="2025-09-08T13:24:56 IST" duration-ms="2032" status="PASS">
          <params>
            <param index="0">
              <value>
                <![CDATA[chrome]]>
              </value>
            </param>
            <param index="1">
              <value>
                <![CDATA[public void tests.LoginTest.testLoginWithEmptyPassword()]]>
              </value>
            </param>
          </params>
          <reporter-output>
          </reporter-output>
        </test-method> <!-- setUp -->
        <test-method signature="testLoginWithEmptyPassword()[pri:5, instance:tests.LoginTest@6a2f6f80]" started-at="2025-09-08T13:24:56 IST" name="testLoginWithEmptyPassword" description="Verify login fails with valid email but empty password" finished-at="2025-09-08T13:25:00 IST" duration-ms="3624" status="PASS">
          <reporter-output>
          </reporter-output>
        </test-method> <!-- testLoginWithEmptyPassword -->
        <test-method is-config="true" signature="tearDown(org.testng.ITestResult)[pri:0, instance:tests.LoginTest@6a2f6f80]" started-at="2025-09-08T13:25:00 IST" name="tearDown" finished-at="2025-09-08T13:25:00 IST" duration-ms="666" status="PASS">
          <params>
            <param index="0">
              <value>
                <![CDATA[[TestResult name=testLoginWithEmptyPassword status=SUCCESS method=LoginTest.testLoginWithEmptyPassword()[pri:5, instance:tests.LoginTest@6a2f6f80] output={null}]]]>
              </value>
            </param>
          </params>
          <reporter-output>
          </reporter-output>
        </test-method> <!-- tearDown -->
      </class> <!-- tests.LoginTest -->
    </test> <!-- Login Tests -->
    <test started-at="2025-09-08T13:25:01 IST" name="Product Tests" finished-at="2025-09-08T13:25:35 IST" duration-ms="34828">
      <class name="tests.ProductTest">
        <test-method is-config="true" signature="setUp(java.lang.String,java.lang.reflect.Method)[pri:0, instance:tests.ProductTest@f79e]" started-at="2025-09-08T13:25:01 IST" name="setUp" finished-at="2025-09-08T13:25:03 IST" duration-ms="2517" status="PASS">
          <params>
            <param index="0">
              <value>
                <![CDATA[chrome]]>
              </value>
            </param>
            <param index="1">
              <value>
                <![CDATA[public void tests.ProductTest.testViewProductDetails()]]>
              </value>
            </param>
          </params>
          <reporter-output>
          </reporter-output>
        </test-method> <!-- setUp -->
        <test-method signature="testViewProductDetails()[pri:1, instance:tests.ProductTest@f79e]" started-at="2025-09-08T13:25:03 IST" name="testViewProductDetails" description="Verify user can view product details" finished-at="2025-09-08T13:25:05 IST" duration-ms="1881" status="PASS">
          <reporter-output>
          </reporter-output>
        </test-method> <!-- testViewProductDetails -->
        <test-method is-config="true" signature="tearDown(org.testng.ITestResult)[pri:0, instance:tests.ProductTest@f79e]" started-at="2025-09-08T13:25:05 IST" name="tearDown" finished-at="2025-09-08T13:25:05 IST" duration-ms="567" status="PASS">
          <params>
            <param index="0">
              <value>
                <![CDATA[[TestResult name=testViewProductDetails status=SUCCESS method=ProductTest.testViewProductDetails()[pri:1, instance:tests.ProductTest@f79e] output={null}]]]>
              </value>
            </param>
          </params>
          <reporter-output>
          </reporter-output>
        </test-method> <!-- tearDown -->
        <test-method is-config="true" signature="setUp(java.lang.String,java.lang.reflect.Method)[pri:0, instance:tests.ProductTest@f79e]" started-at="2025-09-08T13:25:05 IST" name="setUp" finished-at="2025-09-08T13:25:09 IST" duration-ms="3128" status="PASS">
          <params>
            <param index="0">
              <value>
                <![CDATA[chrome]]>
              </value>
            </param>
            <param index="1">
              <value>
                <![CDATA[public void tests.ProductTest.testAddConfigurableProductToCart()]]>
              </value>
            </param>
          </params>
          <reporter-output>
          </reporter-output>
        </test-method> <!-- setUp -->
        <test-method signature="testAddConfigurableProductToCart()[pri:2, instance:tests.ProductTest@f79e]" started-at="2025-09-08T13:25:09 IST" name="testAddConfigurableProductToCart" description="Verify user can configure and add product to cart" finished-at="2025-09-08T13:25:13 IST" duration-ms="4872" status="PASS">
          <reporter-output>
          </reporter-output>
        </test-method> <!-- testAddConfigurableProductToCart -->
        <test-method is-config="true" signature="tearDown(org.testng.ITestResult)[pri:0, instance:tests.ProductTest@f79e]" started-at="2025-09-08T13:25:14 IST" name="tearDown" finished-at="2025-09-08T13:25:14 IST" duration-ms="589" status="PASS">
          <params>
            <param index="0">
              <value>
                <![CDATA[[TestResult name=testAddConfigurableProductToCart status=SUCCESS method=ProductTest.testAddConfigurableProductToCart()[pri:2, instance:tests.ProductTest@f79e] output={null}]]]>
              </value>
            </param>
          </params>
          <reporter-output>
          </reporter-output>
        </test-method> <!-- tearDown -->
        <test-method is-config="true" signature="setUp(java.lang.String,java.lang.reflect.Method)[pri:0, instance:tests.ProductTest@f79e]" started-at="2025-09-08T13:25:14 IST" name="setUp" finished-at="2025-09-08T13:25:17 IST" duration-ms="2449" status="PASS">
          <params>
            <param index="0">
              <value>
                <![CDATA[chrome]]>
              </value>
            </param>
            <param index="1">
              <value>
                <![CDATA[public void tests.ProductTest.testAddSimpleProductToCartFromCategory()]]>
              </value>
            </param>
          </params>
          <reporter-output>
          </reporter-output>
        </test-method> <!-- setUp -->
        <test-method signature="testAddSimpleProductToCartFromCategory()[pri:3, instance:tests.ProductTest@f79e]" started-at="2025-09-08T13:25:17 IST" name="testAddSimpleProductToCartFromCategory" description="Verify user can add simple product to cart from category page" finished-at="2025-09-08T13:25:19 IST" duration-ms="2932" status="PASS">
          <reporter-output>
          </reporter-output>
        </test-method> <!-- testAddSimpleProductToCartFromCategory -->
        <test-method is-config="true" signature="tearDown(org.testng.ITestResult)[pri:0, instance:tests.ProductTest@f79e]" started-at="2025-09-08T13:25:19 IST" name="tearDown" finished-at="2025-09-08T13:25:20 IST" duration-ms="752" status="PASS">
          <params>
            <param index="0">
              <value>
                <![CDATA[[TestResult name=testAddSimpleProductToCartFromCategory status=SUCCESS method=ProductTest.testAddSimpleProductToCartFromCategory()[pri:3, instance:tests.ProductTest@f79e] output={null}]]]>
              </value>
            </param>
          </params>
          <reporter-output>
          </reporter-output>
        </test-method> <!-- tearDown -->
        <test-method is-config="true" signature="setUp(java.lang.String,java.lang.reflect.Method)[pri:0, instance:tests.ProductTest@f79e]" started-at="2025-09-08T13:25:20 IST" name="setUp" finished-at="2025-09-08T13:25:23 IST" duration-ms="2688" status="PASS">
          <params>
            <param index="0">
              <value>
                <![CDATA[chrome]]>
              </value>
            </param>
            <param index="1">
              <value>
                <![CDATA[public void tests.ProductTest.testProductSearchFunctionality()]]>
              </value>
            </param>
          </params>
          <reporter-output>
          </reporter-output>
        </test-method> <!-- setUp -->
        <test-method signature="testProductSearchFunctionality()[pri:4, instance:tests.ProductTest@f79e]" started-at="2025-09-08T13:25:23 IST" name="testProductSearchFunctionality" description="Verify product search functionality" finished-at="2025-09-08T13:25:26 IST" duration-ms="2946" status="PASS">
          <reporter-output>
          </reporter-output>
        </test-method> <!-- testProductSearchFunctionality -->
        <test-method is-config="true" signature="tearDown(org.testng.ITestResult)[pri:0, instance:tests.ProductTest@f79e]" started-at="2025-09-08T13:25:26 IST" name="tearDown" finished-at="2025-09-08T13:25:27 IST" duration-ms="687" status="PASS">
          <params>
            <param index="0">
              <value>
                <![CDATA[[TestResult name=testProductSearchFunctionality status=SUCCESS method=ProductTest.testProductSearchFunctionality()[pri:4, instance:tests.ProductTest@f79e] output={null}]]]>
              </value>
            </param>
          </params>
          <reporter-output>
          </reporter-output>
        </test-method> <!-- tearDown -->
        <test-method is-config="true" signature="setUp(java.lang.String,java.lang.reflect.Method)[pri:0, instance:tests.ProductTest@f79e]" started-at="2025-09-08T13:25:27 IST" name="setUp" finished-at="2025-09-08T13:25:29 IST" duration-ms="1978" status="PASS">
          <params>
            <param index="0">
              <value>
                <![CDATA[chrome]]>
              </value>
            </param>
            <param index="1">
              <value>
                <![CDATA[public void tests.ProductTest.testProductFilterFunctionality()]]>
              </value>
            </param>
          </params>
          <reporter-output>
          </reporter-output>
        </test-method> <!-- setUp -->
        <test-method signature="testProductFilterFunctionality()[pri:5, instance:tests.ProductTest@f79e]" started-at="2025-09-08T13:25:29 IST" name="testProductFilterFunctionality" description="Verify product filter functionality" finished-at="2025-09-08T13:25:35 IST" duration-ms="6185" status="PASS">
          <reporter-output>
          </reporter-output>
        </test-method> <!-- testProductFilterFunctionality -->
        <test-method is-config="true" signature="tearDown(org.testng.ITestResult)[pri:0, instance:tests.ProductTest@f79e]" started-at="2025-09-08T13:25:35 IST" name="tearDown" finished-at="2025-09-08T13:25:35 IST" duration-ms="616" status="PASS">
          <params>
            <param index="0">
              <value>
                <![CDATA[[TestResult name=testProductFilterFunctionality status=SUCCESS method=ProductTest.testProductFilterFunctionality()[pri:5, instance:tests.ProductTest@f79e] output={null}]]]>
              </value>
            </param>
          </params>
          <reporter-output>
          </reporter-output>
        </test-method> <!-- tearDown -->
      </class> <!-- tests.ProductTest -->
    </test> <!-- Product Tests -->
    <test started-at="2025-09-08T13:25:35 IST" name="Cart Tests" finished-at="2025-09-08T13:25:44 IST" duration-ms="8478">
      <class name="tests.CartTest">
        <test-method is-config="true" signature="setUpSuite()[pri:0, instance:tests.CartTest@7494f96a]" started-at="2025-09-08T13:23:46 IST" name="setUpSuite" finished-at="2025-09-08T13:23:47 IST" duration-ms="500" status="PASS">
          <reporter-output>
          </reporter-output>
        </test-method> <!-- setUpSuite -->
        <test-method is-config="true" signature="setUp(java.lang.String,java.lang.reflect.Method)[pri:0, instance:tests.CartTest@7494f96a]" started-at="2025-09-08T13:25:35 IST" name="setUp" finished-at="2025-09-08T13:25:38 IST" duration-ms="2469" status="PASS">
          <params>
            <param index="0">
              <value>
                <![CDATA[chrome]]>
              </value>
            </param>
            <param index="1">
              <value>
                <![CDATA[public void tests.CartTest.testProceedToCheckoutFromCart()]]>
              </value>
            </param>
          </params>
          <reporter-output>
          </reporter-output>
        </test-method> <!-- setUp -->
        <test-method signature="testProceedToCheckoutFromCart()[pri:1, instance:tests.CartTest@7494f96a]" started-at="2025-09-08T13:25:38 IST" name="testProceedToCheckoutFromCart" description="Verify user can proceed to checkout from cart" finished-at="2025-09-08T13:25:43 IST" duration-ms="5346" status="PASS">
          <reporter-output>
          </reporter-output>
        </test-method> <!-- testProceedToCheckoutFromCart -->
        <test-method is-config="true" signature="tearDown(org.testng.ITestResult)[pri:0, instance:tests.CartTest@7494f96a]" started-at="2025-09-08T13:25:43 IST" name="tearDown" finished-at="2025-09-08T13:25:44 IST" duration-ms="659" status="PASS">
          <params>
            <param index="0">
              <value>
                <![CDATA[[TestResult name=testProceedToCheckoutFromCart status=SUCCESS method=CartTest.testProceedToCheckoutFromCart()[pri:1, instance:tests.CartTest@7494f96a] output={null}]]]>
              </value>
            </param>
          </params>
          <reporter-output>
          </reporter-output>
        </test-method> <!-- tearDown -->
        <test-method is-config="true" signature="tearDownSuite()[pri:0, instance:tests.CartTest@7494f96a]" started-at="2025-09-08T13:25:44 IST" name="tearDownSuite" finished-at="2025-09-08T13:25:44 IST" duration-ms="448" status="PASS">
          <reporter-output>
          </reporter-output>
        </test-method> <!-- tearDownSuite -->
      </class> <!-- tests.CartTest -->
    </test> <!-- Cart Tests -->
  </suite> <!-- nopCommerce Test Suite -->
</testng-results>
